<?xml version="1.0" encoding="UTF-8"?>
<testng-results ignored="0" total="2" passed="2" failed="0" skipped="0">
  <reporter-output>
  </reporter-output>
  <suite started-at="2022-01-17T22:16:00 EET" name="Default suite" finished-at="2022-01-17T22:17:08 EET" duration-ms="67754">
    <groups>
    </groups>
    <test started-at="2022-01-17T22:16:00 EET" name="Default test" finished-at="2022-01-17T22:17:08 EET" duration-ms="67754">
      <class name="main.Start">
        <test-method is-config="true" signature="prepareClassProperties()[pri:0, instance:main.Start@5ace1ed4]" started-at="2022-01-17T22:16:00 EET" name="prepareClassProperties" finished-at="2022-01-17T22:16:07 EET" duration-ms="6512" status="PASS">
          <reporter-output>
          </reporter-output>
        </test-method> <!-- prepareClassProperties -->
        <test-method signature="startApplication()[pri:1, instance:main.Start@5ace1ed4]" started-at="2022-01-17T22:16:07 EET" name="startApplication" finished-at="2022-01-17T22:16:47 EET" duration-ms="39837" status="PASS">
          <reporter-output>
          </reporter-output>
        </test-method> <!-- startApplication -->
        <test-method signature="login()[pri:2, instance:main.Start@5ace1ed4]" started-at="2022-01-17T22:16:47 EET" name="login" finished-at="2022-01-17T22:17:02 EET" duration-ms="15432" status="PASS">
          <reporter-output>
          </reporter-output>
        </test-method> <!-- login -->
        <test-method is-config="true" signature="closeApplication()[pri:0, instance:main.Start@5ace1ed4]" started-at="2022-01-17T22:17:02 EET" name="closeApplication" finished-at="2022-01-17T22:17:08 EET" duration-ms="5914" status="PASS">
          <reporter-output>
          </reporter-output>
        </test-method> <!-- closeApplication -->
      </class> <!-- main.Start -->
    </test> <!-- Default test -->
  </suite> <!-- Default suite -->
</testng-results>
